[debug] [2024-10-28T09:59:11.963Z] ----------------------------------------------------------------------
[debug] [2024-10-28T09:59:11.966Z] Command:       C:\Program Files\nodejs\node.exe C:\Users\Ram\AppData\Roaming\npm\node_modules\firebase-tools\lib\bin\firebase.js init hosting
[debug] [2024-10-28T09:59:11.967Z] CLI Version:   13.23.0
[debug] [2024-10-28T09:59:11.967Z] Platform:      win32
[debug] [2024-10-28T09:59:11.968Z] Node Version:  v18.16.0
[debug] [2024-10-28T09:59:11.971Z] Time:          Mon Oct 28 2024 15:29:11 GMT+0530 (India Standard Time)
[debug] [2024-10-28T09:59:11.971Z] ----------------------------------------------------------------------
[debug] 
[debug] [2024-10-28T09:59:11.985Z] > command requires scopes: ["email","openid","https://www.googleapis.com/auth/cloudplatformprojects.readonly","https://www.googleapis.com/auth/firebase","https://www.googleapis.com/auth/cloud-platform"]
[debug] [2024-10-28T09:59:11.986Z] > authorizing via signed-in user (pandapravanjan3@gmail.com)
[info] 
     ######## #### ########  ######## ########     ###     ######  ########
     ##        ##  ##     ## ##       ##     ##  ##   ##  ##       ##
     ######    ##  ########  ######   ########  #########  ######  ######
     ##        ##  ##    ##  ##       ##     ## ##     ##       ## ##
     ##       #### ##     ## ######## ########  ##     ##  ######  ########

You're about to initialize a Firebase project in this directory:

  E:\AngularProject\jwellers

[info] 
=== Project Setup
[info] 
[info] First, let's associate this project directory with a Firebase project.
[info] You can create multiple project aliases by running firebase use --add, 
[info] but for now we'll just set up a default project.
[info] 
[info] i  If you want to create a project in a Google Cloud organization or folder, please use "firebase projects:create" instead, and return to this command when you've created the project. 
